<?xml version="1.0" encoding="UTF-8"?>
<!-- Generated by org.testng.reporters.JUnitReportReporter -->
<testsuite hostname="Air-M1-2020" failures="0" tests="2" name="tests.SampleTest" time="0.000" errors="0" timestamp="2025-03-27T09:15:21 GMT+03:00" skipped="2">
  <testcase classname="tests.SampleTest" name="failedTest" time="0.000">
    <skipped/>
  </testcase> <!-- failedTest -->
  <testcase classname="tests.SampleTest" name="googleSearchTest" time="0.000">
    <skipped/>
  </testcase> <!-- googleSearchTest -->
</testsuite> <!-- tests.SampleTest -->
