<?xml version="1.0" encoding="UTF-8"?>
<!-- Generated by org.testng.reporters.JUnitReportReporter -->
<testsuite hostname="Air-M1-2020" failures="0" tests="1" name="tests.AlertsTest" time="0.000" errors="0" timestamp="2025-03-27T09:15:21 GMT+03:00" skipped="1">
  <testcase classname="tests.AlertsTest" name="testAlert" time="0.000">
    <skipped/>
  </testcase> <!-- testAlert -->
</testsuite> <!-- tests.AlertsTest -->
