<?xml version="1.0" encoding="UTF-8"?>
<!-- Generated by org.testng.reporters.JUnitReportReporter -->
<testsuite hostname="Air-M1-2020" failures="0" tests="6" name="tests.MercalInternalWorkFlowlTest" time="0.000" errors="0" timestamp="2025-03-27T09:15:21 GMT+03:00" skipped="6">
  <testcase classname="tests.MercalInternalWorkFlowlTest" name="testLogin" time="0.000">
    <skipped/>
  </testcase> <!-- testLogin -->
  <testcase classname="tests.MercalInternalWorkFlowlTest" name="testOpenNote" time="0.000">
    <skipped/>
  </testcase> <!-- testOpenNote -->
  <testcase classname="tests.MercalInternalWorkFlowlTest" name="CreatInteralNoteTest" time="0.000">
    <skipped/>
  </testcase> <!-- CreatInteralNoteTest -->
  <testcase classname="tests.MercalInternalWorkFlowlTest" name="testRecverLogin" time="0.000">
    <skipped/>
  </testcase> <!-- testRecverLogin -->
  <testcase classname="tests.MercalInternalWorkFlowlTest" name="compleatTaskS1_Test" time="0.000">
    <skipped/>
  </testcase> <!-- compleatTaskS1_Test -->
  <testcase classname="tests.MercalInternalWorkFlowlTest" name="compleatTaskS2_Test" time="0.000">
    <skipped/>
  </testcase> <!-- compleatTaskS2_Test -->
</testsuite> <!-- tests.MercalInternalWorkFlowlTest -->
