<?xml version="1.0" encoding="UTF-8"?>
<!-- Generated by org.testng.reporters.JUnitReportReporter -->
<testsuite hostname="Air-M1-2020" failures="0" tests="4" name="tests.MercalExternalWorkFlowlTest" time="0.000" errors="0" timestamp="2025-03-27T09:15:21 GMT+03:00" skipped="4">
  <testcase classname="tests.MercalExternalWorkFlowlTest" name="testLogin" time="0.000">
    <skipped/>
  </testcase> <!-- testLogin -->
  <testcase classname="tests.MercalExternalWorkFlowlTest" name="testOpenNote" time="0.000">
    <skipped/>
  </testcase> <!-- testOpenNote -->
  <testcase classname="tests.MercalExternalWorkFlowlTest" name="CreatExternalNote" time="0.000">
    <skipped/>
  </testcase> <!-- CreatExternalNote -->
  <testcase classname="tests.MercalExternalWorkFlowlTest" name="testRecverLogin" time="0.000">
    <skipped/>
  </testcase> <!-- testRecverLogin -->
</testsuite> <!-- tests.MercalExternalWorkFlowlTest -->
