<?xml version="1.0" encoding="UTF-8"?>
<!-- Generated by org.testng.reporters.JUnitReportReporter -->
<testsuite hostname="Air-M1-2020" failures="0" tests="3" name="tests.LoginTest" time="0.000" errors="0" timestamp="2025-03-27T09:15:21 GMT+03:00" skipped="3">
  <testcase classname="tests.LoginTest" name="testLogin" time="0.000">
    <skipped/>
  </testcase> <!-- testLogin -->
  <testcase classname="tests.LoginTest" name="testLogin" time="0.000">
    <skipped/>
  </testcase> <!-- testLogin -->
  <testcase classname="tests.LoginTest" name="testLogin" time="0.000">
    <skipped/>
  </testcase> <!-- testLogin -->
</testsuite> <!-- tests.LoginTest -->
